IQ-TREE multicore version 2.2.6 COVID-edition for Linux 64-bit built Dec  8 2023
Developed by Bui Quang Minh, James Barbetti, Nguyen Lam Tung,
Olga Chernomor, Heiko Schmidt, Dominik Schrempf, Michael Woodhams, Ly Trong Nhan.

Host:    henriquemachado-Aspire-ES1-572 (AVX2, FMA3, 7 GB RAM)
Command: iqtree2 -ntmax 1 -s results/aligned-delim.fasta -m GTR -ninit 2 -n 2 -me 0.05 -nt AUTO -redo
Seed:    616425 (Using SPRNG - Scalable Parallel Random Number Generator)
Time:    Wed Jun  5 19:32:41 2024
Kernel:  AVX+FMA - auto-detect threads (4 CPU cores detected)

Reading alignment file results/aligned-delim.fasta ... Fasta format detected
Reading fasta file: done in 0.07044 secs using 93.9% CPU
Alignment most likely contains DNA/RNA sequences
Constructing alignment: done in 0.0291947 secs using 261.9% CPU
Alignment has 345 sequences with 9608 columns, 657 distinct patterns
510 parsimony-informative, 179 singleton sites, 8919 constant sites
                   Gap/Ambiguity  Composition  p-value
Analyzing sequences: done in 0.000253825 secs using 1945% CPU
   1  U42596.1             0.00%    failed      0.00%
   2  Ivory_Coast         90.54%    failed      2.99%
   3  CKA1_C11            90.54%    failed      1.68%
   4  CID3_C12            90.54%    passed      5.37%
   5  POGNON_C1           90.54%    passed      5.65%
   6  YMVcp-GS172b        90.54%    passed      7.55%
   7  YMVcp-WH214b        90.54%    passed      6.09%
   8  YMVcp-GS280         90.54%    passed      6.09%
   9  YMVcp-WH161         90.54%    passed      5.60%
  10  YMVcp-HB290         90.54%    passed      5.01%
  11  YMVcp-HB295         90.54%    passed      7.31%
  12  Las-Sc2-17-1        90.54%    passed      6.05%
  13  Ek-Sc2-17-2         90.54%    passed      7.44%
  14  AL-Sc2-17-3         90.54%    passed      6.56%
  15  R-Aug-18-5-pT2      90.54%    passed      5.13%
  16  R-Nov-17-YB13       90.54%    passed      6.25%
  17  R-Nov-17-YB14       90.54%    passed      6.86%
  18  R-Nov-17-YB19       90.54%    failed      3.56%
  19  CBE6b_C3            90.54%    failed      4.44%
  20  AME-GWADALAD-1      90.54%    passed      8.96%
  21  AL-Sc2-18-1         90.54%    passed      6.82%
  22  Yoju                90.54%    passed      7.00%
  23  Dr-Sc3-17-1         90.54%    passed      8.89%
  24  Fk-Sc2-18-1         90.54%    passed      7.92%
  25  Ak-Sc2-18-4         90.54%    passed      5.90%
  26  R-Oct-20-2-V2TA-1   90.54%    passed      9.44%
  27  R-Oct-20-2-V2TD-2   90.54%    passed      7.31%
  28  YMVcp-HB96          90.54%    passed      9.18%
  29  YMVcp-GS258         90.54%    passed      8.45%
  30  YMVcp-HM26          90.54%    passed      9.47%
  31  ADK-NTEJE-1         90.54%    passed      9.90%
  32  Am-Sc2-17-1         90.54%    passed      5.64%
  33  Hem-Sc3-17-1        90.54%    passed      6.55%
  34  Al-Sc2-17-2         90.54%    passed      7.55%
  35  Mk-Sc3-17-2         90.54%    failed      3.81%
  36  Las-Sc3-17-3        90.54%    passed      5.10%
  37  Hem-Sc2-18-2        90.54%    failed      4.81%
  38  Dr-Sc2-17-2         90.54%    passed      8.02%
  39  R-Oct-20-2-V2BC-2   90.54%    passed      8.94%
  40  AME-GWADALAD-3      90.54%    passed      8.62%
  41  YMVLy               90.54%    passed      5.53%
  42  Yooo34              90.54%    passed      5.04%
  43  YMVCNb              90.54%    passed      6.00%
  44  F-Apr-18-5-M3       90.54%    passed      6.32%
  45  R-Sep-18-5-pT1      90.54%    passed      5.82%
  46  F-Apr-18-5-L3-1     90.54%    failed      4.55%
  47  R-Sep-18-5-pT10     90.54%    passed      5.64%
  48  R-Sep-18-5-pT13     90.54%    passed      5.64%
  49  R-Aug-18-5-pT7      90.54%    passed      5.64%
  50  R-Aug-18-5-pT1      90.54%    passed      5.35%
  51  R-Jul-18-5-pT1      90.54%    passed      5.35%
  52  R-Jul-18-5-pT9      90.54%    passed      5.67%
  53  R-Oct-20-2-V2TD-1   90.54%    passed      5.10%
  54  R-Oct-18-5-pT6      90.54%    passed      6.64%
  55  R-Oct-18-5-pT3      90.54%    failed      3.83%
  56  R-Aug-18-5-pT11     90.54%    passed      5.37%
  57  R-Oct-18-5-pT9      90.54%    passed      5.26%
  58  F-Apr-19-50-S21     90.54%    passed      6.86%
  59  R-Aug-20-2-V1BA-1   90.54%    passed      6.25%
  60  R-Sep-20-2-V1TC-1   90.54%    passed      8.45%
  61  R-Sep-20-2-V2BC-2   90.54%    passed      8.93%
  62  R-Aug-20-2-V2TC-1   90.54%    passed      9.36%
  63  R-Sep-20-2-V2BB-1   90.54%    passed     11.45%
  64  F-Apr-18-5-L1-1     90.54%    passed      7.30%
  65  F-May-20-2-X2B      90.54%    failed      4.71%
  66  ADK-nteje-2         90.54%    passed      5.01%
  67  R-Sep-20-2-V1TB-2   90.54%    passed      5.54%
  68  R-Sep-20-2-V1BC-2   90.54%    passed      6.64%
  69  R-Sep-19-50-pT3     90.54%    passed      5.20%
  70  R-Sep-18-5-pT7      90.54%    passed      5.36%
  71  R-Aug-20-2-V1TB-2   90.54%    passed      8.09%
  72  F-Apr-18-5-L3-2     90.54%    passed      6.99%
  73  R-Jul-18-5-pT11     90.54%    passed      5.95%
  74  R-Aug-18-5-pT4      90.54%    passed      6.32%
  75  R-Jul-18-5-pT12     90.54%    passed      6.32%
  76  R-Aug-18-5-pT12     90.54%    passed      6.99%
  77  R-Oct-18-5-pT7      90.54%    passed      7.40%
  78  R-Aug-18-5-pT10     90.54%    passed      6.60%
  79  R-Aug-20-2-V1TC-1   90.54%    passed      6.32%
  80  R-Jul-18-5-pT8      90.54%    passed      6.99%
  81  R-Sep-18-5-pT3      90.54%    passed      7.79%
  82  R-Jul-18-5-pT2      90.54%    passed     10.29%
  83  R-Aug-19-50-pT2     90.54%    failed      4.80%
  84  R-Oct-19-50-pT42    90.54%    failed      4.48%
  85  R-Oct-20-2-V1BB-2   90.54%    passed      5.38%
  86  R-Sep-20-2-V1BB-2   90.54%    passed      7.18%
  87  F-May-20-2-X1B      90.54%    passed      7.95%
  88  R-Oct-20-2-V1TD-1   90.54%    passed      6.60%
  89  R-Oct-20-2-V1TD-2   90.54%    passed      6.86%
  90  R-Oct-20-2-V1TB-2   90.54%    failed      3.58%
  91  R-Oct-20-2-V1TA-2   90.54%    passed      5.35%
  92  R-Oct-19-50-pT2     90.54%    passed      6.10%
  93  Yoo497              90.54%    passed      7.05%
  94  YMVCy               90.54%    passed      5.26%
  95  R-Aug-20-2-V2BC-1   90.54%    passed      7.31%
  96  Fk-Sc2-17-1         90.54%    failed      4.93%
  97  R-Apr-17-m2-2       90.54%    failed      4.26%
  98  R-Feb-17-pT4-1      90.54%    failed      4.26%
  99  R-Mar-17-m2-3       90.54%    failed      4.27%
 100  R-Sep-18-5-pT5      90.54%    failed      3.89%
 101  R-Jul-18-5-pT7      90.54%    failed      4.04%
 102  R-Oct-20-2-V2TB-3   90.54%    passed      8.59%
 103  R-Oct-19-50-pT8     90.54%    passed     12.31%
 104  B1_C1               90.54%    failed      4.30%
 105  Ek-Sc3-17-2         90.54%    passed      6.58%
 106  AL-AGYAGU-1         90.54%    passed      5.92%
 107  Mk-Sc3-17-3         90.54%    failed      4.15%
 108  Am-Sc2-18-3         90.54%    failed      2.85%
 109  MFk-Sc2-18-2        90.54%    failed      2.86%
 110  Al-Sc3-17-1         90.54%    failed      4.02%
 111  Las-Sc2-17-2        90.54%    passed      5.47%
 112  CAM1_C1             90.54%    passed      6.66%
 113  R-Sep-18-5-pT4      90.54%    failed      3.73%
 114  R-Sep-20-2-V1BD-3   90.54%    failed      3.04%
 115  R-Oct-20-2-V2BC-1   90.54%    failed      3.04%
 116  R-Oct-20-2-V1BB-1   90.54%    failed      3.48%
 117  R-Oct-20-2-V1TA-1   90.54%    passed      5.38%
 118  R-Oct-20-2-V2BB-2   90.54%    failed      2.41%
 119  F-May-20-2-X3C      90.54%    passed      5.67%
 120  Am-Sc2-17-2         90.54%    passed      5.90%
 121  Mk-Sc2-18-1         90.54%    failed      3.32%
 122  Las-Sc3-17-1        90.54%    passed     11.01%
 123  R-Feb-17-pT3-1      90.54%    passed      9.25%
 124  R-Feb-17-pT3-2      90.54%    passed     10.97%
 125  R-Apr-17-pT2-3      90.54%    passed     10.97%
 126  R-Feb-17-pT1-2      90.54%    passed     10.55%
 127  R-Oct-20-2-V1BA-1   90.54%    passed      5.38%
 128  R-Aug-20-2-V1TD-1   90.54%    passed      5.25%
 129  R-Oct-20-2-V1BD-3   90.54%    passed      9.47%
 130  R-Oct-20-2-V1BC-2   90.54%    passed      9.90%
 131  R-Aug-19-50-pT1     90.54%    passed      6.19%
 132  R-Oct-20-2-V1BA-2   90.54%    failed      3.63%
 133  R-Aug-20-2-V2TD-1   90.54%    passed      6.99%
 134  R-Sep-20-2-V1TD-1   90.54%    passed     10.96%
 135  R-Sep-20-2-V2BC-1   90.54%    passed      6.70%
 136  R-Aug-20-2-V2TA-1   90.54%    passed      6.84%
 137  YMVcp-HB298         90.54%    passed      9.58%
 138  R-Oct-20-2-V2TC-1   90.54%    passed      6.40%
 139  YMVcp-HB285b        90.54%    passed      7.81%
 140  YMVKy               90.54%    passed      7.44%
 141  R-Oct-18-5-pT1      90.54%    passed      9.06%
 142  R-Oct-18-5-pT10     90.54%    passed      5.66%
 143  Hem-Sc2-17-1F       90.54%    failed      4.02%
 144  Las-Sc3-17-2        90.54%    passed     11.82%
 145  R-Sep-20-2-V1BD-1   90.54%    failed      4.75%
 146  B14                 90.54%    passed      7.44%
 147  R-Aug-20-2-V1TA-1   90.54%    passed      7.79%
 148  R-Oct-19-50-pT6     90.54%    passed      8.17%
 149  R-Sep-20-2-V1TA-1   90.54%    passed      7.26%
 150  MAK-PAK-3           90.54%    passed      9.16%
 151  YMVcp-GS183         90.54%    passed      6.37%
 152  AL-Sc2-17-1         90.54%    passed      6.37%
 153  Au-Sc3-17-1         90.54%    failed      3.02%
 154  Au-Sc2-18-6         90.54%    failed      3.48%
 155  MK-GWAD-1           90.54%    passed      5.13%
 156  R-Oct-18-5-pT5      90.54%    failed      3.43%
 157  Hem-Sc2-17-3        90.54%    failed      1.82%
 158  R-Aug-19-50-pT7     90.54%    passed      5.96%
 159  R-Sep-19-50-pT1     90.54%    failed      2.76%
 160  R-Sep-20-2-V1TD-2   90.54%    passed      6.66%
 161  R-Jul-18-5-pT6      90.54%    failed      3.74%
 162  R-Oct-19-50-pT1     90.54%    passed      5.51%
 163  YMVcp-GS233         90.54%    failed      2.59%
 164  Fk-Sc2-17-2         90.54%    passed      5.62%
 165  Mk-Sc2-17-1         90.54%    passed      8.62%
 166  YMVGy               90.54%    passed      5.41%
 167  R-Aug-18-5-pT6      90.54%    failed      2.36%
 168  R-Sep-19-50-pT7     90.54%    failed      4.27%
 169  R-Oct-20-2-V1TC-1   90.54%    failed      4.48%
 170  R-Oct-20-2-V2TB-2   90.54%    failed      4.26%
 171  R-Oct-20-2-V2TC-2   90.54%    failed      4.15%
 172  YMVcp-GS100         90.54%    failed      4.03%
 173  YMVcp-HB303         90.54%    passed      7.00%
 174  YMVcp-WH261         90.54%    passed      8.89%
 175  YMVcp-WH126         90.54%    passed      9.73%
 176  F-Apr-18-5-M1       90.54%    failed      4.06%
 177  R-Oct-18-5-pT13     90.54%    passed     13.93%
 178  R-Oct-20-2-V1TB-1   90.54%    passed     13.41%
 179  R-Aug-20-2-V1BC-1   90.54%    passed     12.43%
 180  R-Oct-20-2-V1BC-1   90.54%    passed      8.12%
 181  R-Sep-20-2-V2BA-2   90.54%    passed     27.70%
 182  R-Aug-19-50-pT4     90.54%    passed      9.36%
 183  Ak-Sc2-17-1         90.54%    failed      3.50%
 184  Au-Sc3-17-2         90.54%    failed      3.10%
 185  Hem-AGYAGU-1        90.54%    failed      4.96%
 186  R-Oct-18-5-pT4      90.54%    passed      9.77%
 187  YMVcp-GS156         90.54%    failed      4.85%
 188  F-Apr-18-5-L1-3     90.54%    failed      1.82%
 189  R-Dec-16-pT2-2      90.54%    failed      2.35%
 190  R-Jan-17-pT1-1      90.54%    failed      2.67%
 191  R-Apr-17-m2-1       90.54%    failed      2.86%
 192  R-Feb-17-m1-1       90.54%    failed      2.35%
 193  R-Feb-17-m1-2       90.54%    failed      2.35%
 194  R-Oct-18-5-pT12     90.54%    failed      2.45%
 195  R-Feb-17-pT1-1      90.54%    failed      2.58%
 196  R-Feb-17-m1-3       90.54%    failed      3.73%
 197  R-Jan-17-pT2-1      90.54%    failed      2.11%
 198  AL-AGYAGU-2         90.54%    failed      3.13%
 199  Mk-Sc2-17-2         90.54%    passed      5.29%
 200  YMVcp-HB160         90.54%    passed      5.31%
 201  F-Apr-18-5-L3-3     90.54%    passed      5.13%
 202  R-Sep-18-5-pT12     90.54%    passed      5.53%
 203  R-Oct-18-5-pT11     90.54%    passed      6.25%
 204  R-Aug-18-5-pT9      90.54%    passed      6.72%
 205  F-Apr-18-5-L1-2     90.54%    passed      6.05%
 206  R-Oct-18-5-pT2      90.54%    passed      6.00%
 207  YMVAy               90.54%    failed      4.72%
 208  YMVANb              90.54%    passed      5.84%
 209  Am-Sc3-17-1         90.54%    failed      4.03%
 210  EK-Sc2-18-1         90.54%    failed      4.27%
 211  EK-ILUSHI-2         90.54%    passed      5.90%
 212  EK-ILUSHI-1         90.54%    passed      5.11%
 213  F-Apr-18-5-2        90.54%    failed      4.41%
 214  R-Apr-17-m2-3       90.54%    passed      5.54%
 215  R-Jul-18-5-pT4      90.54%    passed      5.13%
 216  R-Dec-16-pT2-1      90.54%    passed      5.38%
 217  R-Mar-17-pT2-3      90.54%    passed      6.72%
 218  R-Mar-17-m2-4       90.54%    passed      5.92%
 219  R-Mar-17-pT3-2      90.54%    failed      4.86%
 220  R-Feb-17-m1-4       90.54%    passed      8.07%
 221  R-Sep-19-50-pT4     90.54%    passed      5.04%
 222  YMVcp-HM190         90.54%    passed      6.38%
 223  R-Sep-19-50-pT2     90.54%    passed      8.56%
 224  Au-Sc2-17-2         90.54%    passed      6.54%
 225  R-Aug-19-50-pT21    90.54%    passed      5.62%
 226  R-Sep-20-2-V1BB-1   90.54%    failed      4.51%
 227  R-Aug-20-2-V1BB-1   90.54%    failed      4.55%
 228  YMVIy               90.54%    passed      5.42%
 229  Yo2607              90.54%    passed      5.30%
 230  R-Oct-19-50-pT3     90.54%    passed      5.82%
 231  AK-Sc2-18-1         90.54%    passed      9.29%
 232  Au-Sc2-18-1         90.54%    passed      7.56%
 233  Au-Sc2-18-2         90.54%    failed      3.96%
 234  MK-GWAD-2           90.54%    failed      3.28%
 235  Yoo421              90.54%    failed      3.25%
 236  YMVBNb              90.54%    failed      3.32%
 237  Yo2665              90.54%    failed      4.81%
 238  R-Nov-17-YB16       90.54%    failed      2.83%
 239  R-Nov-17-YB20       90.54%    failed      3.04%
 240  R-Sep-20-2-V1BC-1   90.54%    failed      2.90%
 241  R-Oct-20-2-V2BA-1   90.54%    passed      5.67%
 242  R-Sep-20-2-V1TA-2   90.54%    failed      2.90%
 243  R-Sep-20-2-V1BA-1   90.54%    failed      3.03%
 244  Ek-Sc2-17-1         90.54%    failed      2.67%
 245  Ak-Sc3-17-1         90.54%    failed      2.58%
 246  Hem-Sc2-17-2        90.54%    passed      5.01%
 247  ALU-ILUSHI          90.54%    failed      3.33%
 248  ALU-ILUSHI-2        90.54%    failed      3.49%
 249  R-Nov-17-YB21       90.54%    failed      3.12%
 250  R-Sep-20-2-V1BA-2   90.54%    failed      2.19%
 251  R-Oct-20-2-V2TA-2   90.54%    failed      4.30%
 252  Al-Sc2-18-2         90.54%    failed      2.59%
 253  Mk-Sc2-17-3         90.54%    passed      5.34%
 254  EK-NTEJE-1          90.54%    failed      4.43%
 255  YMVMy               90.54%    failed      2.26%
 256  R-Sep-20-2-V2TC-1   90.54%    failed      1.92%
 257  YMVDy               90.54%    failed      3.01%
 258  Au-Sc2-18-3         90.54%    failed      4.58%
 259  R-Nov-17-YB18       90.54%    failed      4.41%
 260  YMVQy               90.54%    failed      2.80%
 261  R-Sep-18-5-pT2      90.54%    failed      2.35%
 262  R-Sep-18-5-pT6      90.54%    failed      2.98%
 263  R-Sep-18-5-pT8      90.54%    failed      2.75%
 264  R-Aug-18-5-pT8      90.54%    failed      3.10%
 265  R-Oct-18-5-pT8      90.54%    failed      3.32%
 266  R-Jul-18-5-pT3      90.54%    failed      2.70%
 267  R-Aug-18-5-pT3      90.54%    failed      2.93%
 268  R-Jul-18-5-pT5      90.54%    failed      3.35%
 269  R-Jul-18-5-pT10     90.54%    failed      2.60%
 270  R-Sep-18-5-pT11     90.54%    failed      1.94%
 271  R-Sep-20-2-V1TB-1   90.54%    passed      5.17%
 272  YMVJy               90.54%    failed      2.58%
 273  YMVBy               90.54%    passed      6.19%
 274  AL-Sc3-17-2         90.54%    passed      6.25%
 275  YMVcp-WH127         90.54%    failed      3.06%
 276  R-Oct-20-2-V1TC-2   90.54%    passed      6.86%
 277  FAK-ZAKI-1          90.54%    passed      9.18%
 278  R-Jul-18-5-pT13     90.54%    failed      3.80%
 279  YMVFy               90.54%    failed      3.52%
 280  YMVNy               90.54%    failed      3.54%
 281  R-Oct-19-50-PT5     90.54%    failed      4.13%
 282  R-Mar-17-pT3-1      90.54%    failed      1.88%
 283  R-Sep-20-2-V2BA-1   90.54%    failed      3.33%
 284  R-Oct-20-2-V2TB-1   90.54%    passed     15.58%
 285  R-Sep-19-50-pT8     90.54%    passed      9.48%
 286  YMVHy               90.54%    failed      1.41%
 287  Au-Sc2-17-1         90.54%    failed      1.93%
 288  EK-Sc3-18-1         90.54%    failed      4.03%
 289  F-Apr-19-50-S5      90.54%    passed      5.78%
 290  Au-Sc2-18-5         90.54%    passed      5.62%
 291  Ak-Sc2-18-3         90.54%    failed      2.48%
 292  Ek-Sc3-17-1         90.54%    failed      3.77%
 293  608                 90.54%    failed      2.17%
 294  F-Apr-19-50-S4      90.54%    failed      4.28%
 295  F-Apr-19-50-S3      90.54%    failed      1.67%
 296  R-Oct-19-50-pT22    90.54%    failed      3.57%
 297  R-Oct-20-2-V1BD-4   90.54%    failed      2.71%
 298  R-Oct-20-2-V2BB-1   90.54%    passed     11.72%
 299  R-Sep-20-2-V2TA-1   90.54%    failed      2.74%
 300  R-Sep-20-2-V2TD-1   90.54%    failed      2.83%
 301  R-Aug-20-2-V1TB-1   90.54%    failed      4.27%
 302  YMV_DR2             90.54%    failed      4.78%
 303  YMV_Dsp             90.54%    passed      5.27%
 304  YMV_I4              90.54%    passed      6.60%
 305  Trifida_C5          90.54%    failed      3.71%
 306  AID10_C5            90.54%    failed      4.86%
 307  CGU2_C4             90.54%    passed      5.04%
 308  CGU1_C18            90.54%    failed      3.81%
 309  GR_SAVANE_C4        90.54%    failed      3.70%
 310  R-Oct-19-50-pT51    90.54%    passed     21.16%
 311  R-Aug-20-2-V2BB-2   90.54%    passed     12.12%
 312  R-Oct-19-50-pT4     90.54%    failed      4.66%
 313  LAS-SARKI-3         90.54%    passed     17.90%
 314  YMVcp-WH194         90.54%    failed      0.97%
 315  YMVcp-GS143         90.54%    passed     10.28%
 316  YMVcp-WH201b        90.54%    passed      6.73%
 317  YMVcp-WH132         90.54%    passed      7.68%
 318  R-Oct-19-50-pT12    90.54%    passed     13.02%
 319  R-Sep-19-50-pT53    90.54%    passed      8.19%
 320  R-Oct-20-2-V1BD-1   90.54%    passed      5.34%
 321  R-Sep-20-2-V1BD-2   90.54%    passed      7.25%
 322  SOA_AI_C1           90.54%    passed      7.72%
 323  SOA2_C1             90.54%    passed      9.13%
 324  174_C1              90.54%    passed      7.98%
 325  CAM2_C31            90.54%    passed      9.15%
 326  R-Aug-19-50-pT6     90.54%    passed      7.37%
 327  R-Aug-19-50-pT3     90.54%    passed     10.04%
 328  Yoooo2              90.54%    failed      0.23%
 329  R-Oct-19-50-pT32    90.54%    passed      5.33%
 330  R-Oct-20-2-V1BD-2   90.54%    passed      9.00%
 331  F-May-20-2-X1D      90.54%    passed     12.15%
 332  Divin               90.54%    failed      2.73%
 333  GY_INRA_C11         90.54%    failed      4.03%
 334  G13_C1              90.54%    failed      2.73%
 335  G5_C10              90.54%    failed      1.33%
 336  R-Aug-18-5-pT13     90.54%    failed      3.65%
 337  BFC51_C11           90.91%    passed      5.89%
 338  BFC54               90.91%    passed      5.89%
 339  C1_C3               90.91%    passed      5.89%
 340  BFC56               90.91%    passed     17.26%
 341  CAM2                90.54%    passed     14.58%
 342  R-Mar-17-pT2-1      90.54%    failed      0.09%
 343  R-Mar-17-pT2-2      90.54%    failed      0.10%
 344  R-Aug-18-5-pT5      90.54%    failed      0.06%
 345  R-Mar-17-pT2-4      90.54%    failed      1.02%
WARNING: 344 sequences contain more than 50% gaps/ambiguity
****  TOTAL               90.28%  142 sequences failed composition chi2 test (p-value<5%; df=3)
NOTE: YMVcp-GS280 is identical to YMVcp-WH214b but kept for subsequent analysis
NOTE: R-Sep-18-5-pT13 is identical to R-Sep-18-5-pT10 but kept for subsequent analysis
NOTE: R-Jul-18-5-pT12 is identical to R-Aug-18-5-pT4 but kept for subsequent analysis
NOTE: R-Feb-17-m1-2 is identical to R-Feb-17-m1-1 but kept for subsequent analysis
NOTE: BFC54 is identical to BFC51_C11 but kept for subsequent analysis
Checking for duplicate sequences: done in 0.00141882 secs using 519% CPU
Identifying sites to remove: done in 0.0166818 secs using 363.3% CPU
NOTE: 1 identical sequences (see below) will be ignored for subsequent analysis
NOTE: C1_C3 (identical to BFC51_C11) is ignored but added at the end
Alignment was printed to results/aligned-delim.fasta.uniqueseq.phy

For your convenience alignment with unique sequences printed to results/aligned-delim.fasta.uniqueseq.phy

Create initial parsimony tree by phylogenetic likelihood library (PLL)... 0.081 seconds

NOTE: 7 MB RAM (0 GB) is required!
Measuring multi-threading efficiency up to 1 CPU cores
Increase to 10 rounds for branch lengths
5 trees examined
Threads: 1 / Time: 1.022 sec / Speedup: 1.000 / Efficiency: 100% / LogL: -84173
Determining AUTO threadcount: done in 1.02241 secs using 100.2% CPU
BEST NUMBER OF THREADS: 1

Estimate model parameters (epsilon = 0.500)
1. Initial log-likelihood: -50282.518
2. Current log-likelihood: -41699.459
3. Current log-likelihood: -41697.592
Optimal log-likelihood: -41697.591
Rate parameters:  A-C: 0.79688  A-G: 3.69953  A-T: 1.09674  C-G: 0.56536  C-T: 5.21807  G-T: 1.00000
Base frequencies:  A: 0.295  C: 0.214  G: 0.253  T: 0.238
Parameters optimization took 3 rounds (0.454 sec)
Wrote distance file to... 
Computing ML distances based on estimated model parameters...
Calculating distance matrix: done in 0.268514 secs using 99.97% CPU
Computing ML distances took 0.270385 sec (of wall-clock time) 0.270307 sec (of CPU time)
Setting up auxiliary I and S matrices: done in 0.002717 secs using 247.3% CPU
Constructing RapidNJ tree: done in 0.00833472 secs using 148.5% CPU
Computing RapidNJ tree took 0.011110 sec (of wall-clock time) 0.019158 sec (of CPU time)
Log-likelihood of RapidNJ tree: -42009.257
--------------------------------------------------------------------
|             INITIALIZING CANDIDATE TREE SET                      |
--------------------------------------------------------------------

Do NNI search on 2 best initial trees
Optimizing NNI: done in 0.334081 secs using 99.99% CPU
Estimate model parameters (epsilon = 0.500)
BETTER TREE FOUND at iteration 1: -41659.090
Optimizing NNI: done in 0.624435 secs using 92.95% CPU
Finish initializing candidate tree set (4)
Current best tree score: -41659.090 / CPU time: 1.048
Number of iterations: 2
TREE SEARCH COMPLETED AFTER 2 ITERATIONS / Time: 0h:0m:3s

--------------------------------------------------------------------
|                    FINALIZING TREE SEARCH                        |
--------------------------------------------------------------------
Performs final model parameters optimization
Estimate model parameters (epsilon = 0.050)
1. Initial log-likelihood: -41659.090
Optimal log-likelihood: -41659.089
Rate parameters:  A-C: 0.79626  A-G: 3.69575  A-T: 1.09665  C-G: 0.56465  C-T: 5.22323  G-T: 1.00000
Base frequencies:  A: 0.295  C: 0.214  G: 0.253  T: 0.238
Parameters optimization took 1 rounds (0.061 sec)
BEST SCORE FOUND : -41659.089
Total tree length: 5.510

Total number of iterations: 2
CPU time used for tree search: 1.001 sec (0h:0m:1s)
Wall-clock time used for tree search: 1.049 sec (0h:0m:1s)
Total CPU time used: 3.212 sec (0h:0m:3s)
Total wall-clock time used: 3.193 sec (0h:0m:3s)

Analysis results written to: 
  IQ-TREE report:                results/aligned-delim.fasta.iqtree
  Maximum-likelihood tree:       results/aligned-delim.fasta.treefile
  Likelihood distances:          results/aligned-delim.fasta.mldist
  Screen log file:               results/aligned-delim.fasta.log

Date and Time: Wed Jun  5 19:32:45 2024
